[18 Abr 2019 16:47:22] Building database metadata model
[18 Abr 2019 16:47:22] Properties: {partialRefresh=false, processColumnsUsingSelect=, includePrimaryKeys=true, eventSocketClient=com.webratio.commons.net.EventSocketClient@50c91c07, includeTables=true, username=root, outputLogPath=C:\WebRatio\WebRatio Community Platform 7.2.18.x64bit\workspace\betting_house\.Temp~\DB.xml.log, readIndexes=null, driverClass=com.mysql.jdbc.Driver, includeSynonyms=true, metaDataProviderClass=com.webratio.commons.db.metadata.MySQLMetaDataProvider, outputPath=C:\WebRatio\WebRatio Community Platform 7.2.18.x64bit\workspace\betting_house\.Temp~\DB.xml, schemaRegex=null, readProcedures=null, includeViews=true, derby.system.home=C:\WebRatio\WebRatio Community Platform 7.2.18.x64bit\workspace\.metadata\.plugins\com.webratio.commons.db\derby, url=jdbc:mysql://localhost:3306/betting_house, tableRegex=null, readSQLDefinitions=true, includeForeignKeys=false, retrieveAllNames=false, tablesToRefresh=, eventSocketPort=59555}
[18 Abr 2019 16:47:22] URL: jdbc:mysql://localhost:3306/betting_house
[18 Abr 2019 16:47:22] Product name: MySQL
[18 Abr 2019 16:47:22] Product version: 8.0.15
[18 Abr 2019 16:47:22] Driver name: MySQL Connector Java
[18 Abr 2019 16:47:22] Driver version: mysql-connector-java-5.1.47 ( Revision: fe1903b1ecb4a96a917f7ed3190d80c049b1de29 )
[18 Abr 2019 16:47:22] Driver major version: 5
[18 Abr 2019 16:47:22] Driver minor version: 1
[18 Abr 2019 16:47:22] Identifier quote string: 1
[18 Abr 2019 16:47:22] Retrieving schemas
[18 Abr 2019 16:47:22] Retrieving [TABLE, VIEW, SYNONYM] for schema ''
[18 Abr 2019 16:47:22]   Found 'bet' [type = TABLE]
[18 Abr 2019 16:47:22]   Found 'event' [type = TABLE]
[18 Abr 2019 16:47:22]   Found 'group' [type = TABLE]
[18 Abr 2019 16:47:22]   Found 'group_module' [type = TABLE]
[18 Abr 2019 16:47:22]   Found 'module' [type = TABLE]
[18 Abr 2019 16:47:22]   Found 'notification' [type = TABLE]
[18 Abr 2019 16:47:22]   Found 'odd' [type = TABLE]
[18 Abr 2019 16:47:22]   Found 'sport' [type = TABLE]
[18 Abr 2019 16:47:22]   Found 'team' [type = TABLE]
[18 Abr 2019 16:47:22]   Found 'transaction' [type = TABLE]
[18 Abr 2019 16:47:22]   Found 'user' [type = TABLE]
[18 Abr 2019 16:47:22]   Found 'user_group' [type = TABLE]
[18 Abr 2019 16:47:22] Retrieving columns for 'bet' [type = TABLE]
[18 Abr 2019 16:47:22]   Found column: id [type = INT][SQL/XOPEN type = 4][size = 10][dec. digits = 0]
[18 Abr 2019 16:47:22]   Found column: winningbet [type = DOUBLE][SQL/XOPEN type = 8][size = 22][dec. digits = 0]
[18 Abr 2019 16:47:22]   Found column: userbet [type = DOUBLE][SQL/XOPEN type = 8][size = 22][dec. digits = 0]
[18 Abr 2019 16:47:22]   Found column: valuebet [type = DOUBLE][SQL/XOPEN type = 8][size = 22][dec. digits = 0]
[18 Abr 2019 16:47:22]   Found column: event_id [type = INT][SQL/XOPEN type = 4][size = 10][dec. digits = 0]
[18 Abr 2019 16:47:22]   Found column: user_id [type = INT][SQL/XOPEN type = 4][size = 10][dec. digits = 0]
[18 Abr 2019 16:47:22] Retrieving primary keys for 'bet' [type = TABLE]
[18 Abr 2019 16:47:23]   Found primary key column: id
[18 Abr 2019 16:47:23] Retrieving columns for 'event' [type = TABLE]
[18 Abr 2019 16:47:23]   Found column: id [type = INT][SQL/XOPEN type = 4][size = 10][dec. digits = 0]
[18 Abr 2019 16:47:23]   Found column: information [type = LONGTEXT][SQL/XOPEN type = -1][size = 2147483647][dec. digits = 0]
[18 Abr 2019 16:47:23]   Found column: isrestricted [type = BIT][SQL/XOPEN type = -7][size = 1][dec. digits = 0]
[18 Abr 2019 16:47:23]   Found column: isopen [type = BIT][SQL/XOPEN type = -7][size = 1][dec. digits = 0]
[18 Abr 2019 16:47:23]   Found column: sport_id [type = INT][SQL/XOPEN type = 4][size = 10][dec. digits = 0]
[18 Abr 2019 16:47:23] Retrieving primary keys for 'event' [type = TABLE]
[18 Abr 2019 16:47:23]   Found primary key column: id
[18 Abr 2019 16:47:23] Retrieving columns for 'group' [type = TABLE]
[18 Abr 2019 16:47:23]   Found column: id [type = INT][SQL/XOPEN type = 4][size = 10][dec. digits = 0]
[18 Abr 2019 16:47:23]   Found column: name [type = VARCHAR][SQL/XOPEN type = 12][size = 255][dec. digits = 0]
[18 Abr 2019 16:47:23]   Found column: module_id [type = INT][SQL/XOPEN type = 4][size = 10][dec. digits = 0]
[18 Abr 2019 16:47:23] Retrieving primary keys for 'group' [type = TABLE]
[18 Abr 2019 16:47:23]   Found primary key column: id
[18 Abr 2019 16:47:23] Retrieving columns for 'group_module' [type = TABLE]
[18 Abr 2019 16:47:23]   Found column: group_id [type = INT][SQL/XOPEN type = 4][size = 10][dec. digits = 0]
[18 Abr 2019 16:47:23]   Found column: module_id [type = INT][SQL/XOPEN type = 4][size = 10][dec. digits = 0]
[18 Abr 2019 16:47:23] Retrieving primary keys for 'group_module' [type = TABLE]
[18 Abr 2019 16:47:23]   Found primary key column: group_id
[18 Abr 2019 16:47:23]   Found primary key column: module_id
[18 Abr 2019 16:47:23] Retrieving columns for 'module' [type = TABLE]
[18 Abr 2019 16:47:23]   Found column: id [type = INT][SQL/XOPEN type = 4][size = 10][dec. digits = 0]
[18 Abr 2019 16:47:23]   Found column: moduleid [type = VARCHAR][SQL/XOPEN type = 12][size = 255][dec. digits = 0]
[18 Abr 2019 16:47:23]   Found column: name [type = VARCHAR][SQL/XOPEN type = 12][size = 255][dec. digits = 0]
[18 Abr 2019 16:47:23] Retrieving primary keys for 'module' [type = TABLE]
[18 Abr 2019 16:47:24]   Found primary key column: id
[18 Abr 2019 16:47:24] Retrieving columns for 'notification' [type = TABLE]
[18 Abr 2019 16:47:24]   Found column: id [type = INT][SQL/XOPEN type = 4][size = 10][dec. digits = 0]
[18 Abr 2019 16:47:24]   Found column: isactive [type = BIT][SQL/XOPEN type = -7][size = 1][dec. digits = 0]
[18 Abr 2019 16:47:24]   Found column: id_event [type = INT][SQL/XOPEN type = 4][size = 10][dec. digits = 0]
[18 Abr 2019 16:47:24]   Found column: user_id [type = INT][SQL/XOPEN type = 4][size = 10][dec. digits = 0]
[18 Abr 2019 16:47:24] Retrieving primary keys for 'notification' [type = TABLE]
[18 Abr 2019 16:47:24]   Found primary key column: id
[18 Abr 2019 16:47:24] Retrieving columns for 'odd' [type = TABLE]
[18 Abr 2019 16:47:24]   Found column: id [type = INT][SQL/XOPEN type = 4][size = 10][dec. digits = 0]
[18 Abr 2019 16:47:24]   Found column: odd [type = DOUBLE][SQL/XOPEN type = 8][size = 22][dec. digits = 0]
[18 Abr 2019 16:47:24]   Found column: points [type = INT][SQL/XOPEN type = 4][size = 10][dec. digits = 0]
[18 Abr 2019 16:47:24]   Found column: event_id [type = INT][SQL/XOPEN type = 4][size = 10][dec. digits = 0]
[18 Abr 2019 16:47:24]   Found column: team_id [type = INT][SQL/XOPEN type = 4][size = 10][dec. digits = 0]
[18 Abr 2019 16:47:24] Retrieving primary keys for 'odd' [type = TABLE]
[18 Abr 2019 16:47:24]   Found primary key column: id
[18 Abr 2019 16:47:24] Retrieving columns for 'sport' [type = TABLE]
[18 Abr 2019 16:47:24]   Found column: id [type = INT][SQL/XOPEN type = 4][size = 10][dec. digits = 0]
[18 Abr 2019 16:47:24]   Found column: name [type = VARCHAR][SQL/XOPEN type = 12][size = 255][dec. digits = 0]
[18 Abr 2019 16:47:24] Retrieving primary keys for 'sport' [type = TABLE]
[18 Abr 2019 16:47:24]   Found primary key column: id
[18 Abr 2019 16:47:24] Retrieving columns for 'team' [type = TABLE]
[18 Abr 2019 16:47:24]   Found column: id [type = INT][SQL/XOPEN type = 4][size = 10][dec. digits = 0]
[18 Abr 2019 16:47:24]   Found column: name [type = VARCHAR][SQL/XOPEN type = 12][size = 255][dec. digits = 0]
[18 Abr 2019 16:47:24] Retrieving primary keys for 'team' [type = TABLE]
[18 Abr 2019 16:47:24]   Found primary key column: id
[18 Abr 2019 16:47:24] Retrieving columns for 'transaction' [type = TABLE]
[18 Abr 2019 16:47:24]   Found column: id [type = INT][SQL/XOPEN type = 4][size = 10][dec. digits = 0]
[18 Abr 2019 16:47:24]   Found column: coins [type = VARCHAR][SQL/XOPEN type = 12][size = 255][dec. digits = 0]
[18 Abr 2019 16:47:24]   Found column: user_id [type = INT][SQL/XOPEN type = 4][size = 10][dec. digits = 0]
[18 Abr 2019 16:47:24] Retrieving primary keys for 'transaction' [type = TABLE]
[18 Abr 2019 16:47:24]   Found primary key column: id
[18 Abr 2019 16:47:24] Retrieving columns for 'user' [type = TABLE]
[18 Abr 2019 16:47:24]   Found column: id [type = INT][SQL/XOPEN type = 4][size = 10][dec. digits = 0]
[18 Abr 2019 16:47:24]   Found column: name [type = VARCHAR][SQL/XOPEN type = 12][size = 255][dec. digits = 0]
[18 Abr 2019 16:47:24]   Found column: email [type = VARCHAR][SQL/XOPEN type = 12][size = 255][dec. digits = 0]
[18 Abr 2019 16:47:24]   Found column: password [type = VARCHAR][SQL/XOPEN type = 12][size = 255][dec. digits = 0]
[18 Abr 2019 16:47:24]   Found column: coins [type = DOUBLE][SQL/XOPEN type = 8][size = 22][dec. digits = 0]
[18 Abr 2019 16:47:24]   Found column: username [type = VARCHAR][SQL/XOPEN type = 12][size = 255][dec. digits = 0]
[18 Abr 2019 16:47:24]   Found column: group_id [type = INT][SQL/XOPEN type = 4][size = 10][dec. digits = 0]
[18 Abr 2019 16:47:24] Retrieving primary keys for 'user' [type = TABLE]
[18 Abr 2019 16:47:24]   Found primary key column: id
[18 Abr 2019 16:47:24] Retrieving columns for 'user_group' [type = TABLE]
[18 Abr 2019 16:47:24]   Found column: user_id [type = INT][SQL/XOPEN type = 4][size = 10][dec. digits = 0]
[18 Abr 2019 16:47:24]   Found column: group_id [type = INT][SQL/XOPEN type = 4][size = 10][dec. digits = 0]
[18 Abr 2019 16:47:24] Retrieving primary keys for 'user_group' [type = TABLE]
[18 Abr 2019 16:47:24]   Found primary key column: user_id
[18 Abr 2019 16:47:24]   Found primary key column: group_id
[18 Abr 2019 16:47:24] Database metadata retrieved (1877 ms)
[18 Abr 2019 16:47:24] Retrieving auto-increment columns for 'bet' [type = TABLE]
[18 Abr 2019 16:47:24] Retrieving auto-increment columns for 'event' [type = TABLE]
[18 Abr 2019 16:47:24] Retrieving auto-increment columns for 'group' [type = TABLE]
[18 Abr 2019 16:47:24] Retrieving auto-increment columns for 'group_module' [type = TABLE]
[18 Abr 2019 16:47:24] Retrieving auto-increment columns for 'module' [type = TABLE]
[18 Abr 2019 16:47:24] Retrieving auto-increment columns for 'notification' [type = TABLE]
[18 Abr 2019 16:47:24] Retrieving auto-increment columns for 'odd' [type = TABLE]
[18 Abr 2019 16:47:24] Retrieving auto-increment columns for 'sport' [type = TABLE]
[18 Abr 2019 16:47:24] Retrieving auto-increment columns for 'team' [type = TABLE]
[18 Abr 2019 16:47:24]   Found auto-increment column: id
[18 Abr 2019 16:47:24] Retrieving auto-increment columns for 'transaction' [type = TABLE]
[18 Abr 2019 16:47:24] Retrieving auto-increment columns for 'user' [type = TABLE]
[18 Abr 2019 16:47:24] Retrieving auto-increment columns for 'user_group' [type = TABLE]
[18 Abr 2019 16:47:24] Database connection closed
