[18 Abr 2019 16:46:54] DEBUG Executing SQL script
[18 Abr 2019 16:46:54] INFO ================================================================================
[18 Abr 2019 16:46:54] INFO onError= 'stop'
[18 Abr 2019 16:46:54] INFO autoCommit= 'false'
[18 Abr 2019 16:46:54] INFO username= 'root'
[18 Abr 2019 16:46:54] INFO outputPath= 'C:\WebRatio\WebRatio Community Platform 7.2.18.x64bit\workspace\betting_house\.Temp~\UpdateSQL.xml'
[18 Abr 2019 16:46:54] INFO outputLogPath= 'C:\WebRatio\WebRatio Community Platform 7.2.18.x64bit\workspace\betting_house\.Temp~\UpdateSQL.xml.log'
[18 Abr 2019 16:46:54] INFO encoding= ''
[18 Abr 2019 16:46:54] INFO driverClass= 'com.mysql.jdbc.Driver'
[18 Abr 2019 16:46:54] INFO sqlScript= 'C:\WebRatio\WebRatio Community Platform 7.2.18.x64bit\workspace\betting_house\.Temp~\UpdateSQL.sql'
[18 Abr 2019 16:46:54] INFO eventSocketPort= '59531'
[18 Abr 2019 16:46:54] INFO statementSeparator= ';'
[18 Abr 2019 16:46:54] INFO derby.system.home= 'C:\WebRatio\WebRatio Community Platform 7.2.18.x64bit\workspace\.metadata\.plugins\com.webratio.commons.db\derby'
[18 Abr 2019 16:46:54] INFO password= 'root'
[18 Abr 2019 16:46:54] INFO url= 'jdbc:mysql://localhost:3306/betting_house'
[18 Abr 2019 16:46:54] INFO ================================================================================
[18 Abr 2019 16:46:54] INFO Connecting to the Database...
[18 Abr 2019 16:46:55] INFO Database connection estabilished
[18 Abr 2019 16:46:55] INFO transaction isolation: 4
[18 Abr 2019 16:46:55] DEBUG ================================================================================
[18 Abr 2019 16:46:55] DEBUG Executing SQL script file: C:\WebRatio\WebRatio Community Platform 7.2.18.x64bit\workspace\betting_house\.Temp~\UpdateSQL.sql
[18 Abr 2019 16:46:55] DEBUG Executing statement:  create table `group` ( `id`  integer  not null, `name`  varchar(255), primary key (`id`) )
[18 Abr 2019 16:46:56] DEBUG Executing statement:    create table `module` ( `id`  integer  not null, `moduleid`  varchar(255), `name`  varchar(255), primary key (`id`) )
[18 Abr 2019 16:46:56] DEBUG Executing statement:    create table `user` ( `id`  integer  not null, `name`  varchar(255), `email`  varchar(255), `password`  varchar(255), `coins`  double precision, `username`  varchar(255), primary key (`id`) )
[18 Abr 2019 16:46:57] DEBUG Executing statement:    create table `bet` ( `id`  integer  not null, `winningbet`  double precision, `userbet`  double precision, `valuebet`  double precision, primary key (`id`) )
[18 Abr 2019 16:46:57] DEBUG Executing statement:    create table `event` ( `id`  integer  not null, `information`  longtext, `isrestricted`  bit, `isopen`  bit, primary key (`id`) )
[18 Abr 2019 16:46:58] DEBUG Executing statement:    create table `notification` ( `id`  integer  not null, `isactive`  bit, primary key (`id`) )
[18 Abr 2019 16:46:58] DEBUG Executing statement:    create table `transaction` ( `id`  integer  not null, `coins`  varchar(255), primary key (`id`) )
[18 Abr 2019 16:46:58] DEBUG Executing statement:    create table `odd` ( `id`  integer  not null, `odd`  double precision, `points`  integer, primary key (`id`) )
[18 Abr 2019 16:46:59] DEBUG Executing statement:    create table `sport` ( `id`  integer  not null, `name`  varchar(255), primary key (`id`) )
[18 Abr 2019 16:46:59] DEBUG Executing statement:    create table `team` ( `id`  integer not null auto_increment, `name`  varchar(255), primary key (`id`) )
[18 Abr 2019 16:47:00] DEBUG Executing statement:    alter table `group`  add column  `module_id`  integer
[18 Abr 2019 16:47:00] DEBUG Executing statement:  alter table `group`   add index fk_group_module (`module_id`), add constraint fk_group_module foreign key (`module_id`) references `module` (`id`)
[18 Abr 2019 16:47:01] DEBUG Executing statement:    create table `group_module` ( `group_id`  integer not null, `module_id`  integer not null, primary key (`group_id`, `module_id`) )
[18 Abr 2019 16:47:02] DEBUG Executing statement:  alter table `group_module`   add index fk_group_module_group (`group_id`), add constraint fk_group_module_group foreign key (`group_id`) references `group` (`id`)
[18 Abr 2019 16:47:03] DEBUG Executing statement:  alter table `group_module`   add index fk_group_module_module (`module_id`), add constraint fk_group_module_module foreign key (`module_id`) references `module` (`id`)
[18 Abr 2019 16:47:04] DEBUG Executing statement:    alter table `user`  add column  `group_id`  integer
[18 Abr 2019 16:47:04] DEBUG Executing statement:  alter table `user`   add index fk_user_group (`group_id`), add constraint fk_user_group foreign key (`group_id`) references `group` (`id`)
[18 Abr 2019 16:47:05] DEBUG Executing statement:    create table `user_group` ( `user_id`  integer not null, `group_id`  integer not null, primary key (`user_id`, `group_id`) )
[18 Abr 2019 16:47:06] DEBUG Executing statement:  alter table `user_group`   add index fk_user_group_user (`user_id`), add constraint fk_user_group_user foreign key (`user_id`) references `user` (`id`)
[18 Abr 2019 16:47:07] DEBUG Executing statement:  alter table `user_group`   add index fk_user_group_group (`group_id`), add constraint fk_user_group_group foreign key (`group_id`) references `group` (`id`)
[18 Abr 2019 16:47:08] DEBUG Executing statement:    alter table `transaction`  add column  `user_id`  integer
[18 Abr 2019 16:47:08] DEBUG Executing statement:  alter table `transaction`   add index fk_transaction_user (`user_id`), add constraint fk_transaction_user foreign key (`user_id`) references `user` (`id`)
[18 Abr 2019 16:47:09] DEBUG Executing statement:    alter table `bet`  add column  `event_id`  integer
[18 Abr 2019 16:47:09] DEBUG Executing statement:  alter table `bet`   add index fk_bet_event (`event_id`), add constraint fk_bet_event foreign key (`event_id`) references `event` (`id`)
[18 Abr 2019 16:47:10] DEBUG Executing statement:    alter table `notification`  add column  `id_event`  integer
[18 Abr 2019 16:47:11] DEBUG Executing statement:  alter table `notification`   add index fk_notification_event (`id_event`), add constraint fk_notification_event foreign key (`id_event`) references `event` (`id`)
[18 Abr 2019 16:47:12] DEBUG Executing statement:    alter table `odd`  add column  `event_id`  integer
[18 Abr 2019 16:47:12] DEBUG Executing statement:  alter table `odd`   add index fk_odd_event (`event_id`), add constraint fk_odd_event foreign key (`event_id`) references `event` (`id`)
[18 Abr 2019 16:47:14] DEBUG Executing statement:    alter table `odd`  add column  `team_id`  integer
[18 Abr 2019 16:47:14] DEBUG Executing statement:  alter table `odd`   add index fk_odd_team (`team_id`), add constraint fk_odd_team foreign key (`team_id`) references `team` (`id`)
[18 Abr 2019 16:47:15] DEBUG Executing statement:    alter table `bet`  add column  `user_id`  integer
[18 Abr 2019 16:47:15] DEBUG Executing statement:  alter table `bet`   add index fk_bet_user (`user_id`), add constraint fk_bet_user foreign key (`user_id`) references `user` (`id`)
[18 Abr 2019 16:47:17] DEBUG Executing statement:    alter table `notification`  add column  `user_id`  integer
[18 Abr 2019 16:47:17] DEBUG Executing statement:  alter table `notification`   add index fk_notification_user (`user_id`), add constraint fk_notification_user foreign key (`user_id`) references `user` (`id`)
[18 Abr 2019 16:47:19] DEBUG Executing statement:    alter table `event`  add column  `sport_id`  integer
[18 Abr 2019 16:47:19] DEBUG Executing statement:  alter table `event`   add index fk_event_sport (`sport_id`), add constraint fk_event_sport foreign key (`sport_id`) references `sport` (`id`)
[18 Abr 2019 16:47:20] DEBUG ================================================================================
[18 Abr 2019 16:47:20] DEBUG SQL SCRIPT SUCCESSFULLY EXECUTED
[18 Abr 2019 16:47:20] INFO Database connection closed
[18 Abr 2019 16:47:20] DEBUG Total time: 26139 milliseconds
