[21 Mar 2019 20:25:28] Building database metadata model
[21 Mar 2019 20:25:28] Properties: {partialRefresh=false, processColumnsUsingSelect=, includePrimaryKeys=true, eventSocketClient=com.webratio.commons.net.EventSocketClient@50c91c07, includeTables=true, username=root, outputLogPath=C:\WebRatio\WebRatio Community Platform 7.2.17.x64bit\workspace\betting_house\.Temp~\DB.xml.log, readIndexes=null, driverClass=com.mysql.jdbc.Driver, includeSynonyms=true, metaDataProviderClass=com.webratio.commons.db.metadata.MySQLMetaDataProvider, outputPath=C:\WebRatio\WebRatio Community Platform 7.2.17.x64bit\workspace\betting_house\.Temp~\DB.xml, schemaRegex=null, readProcedures=null, includeViews=true, derby.system.home=C:\WebRatio\WebRatio Community Platform 7.2.17.x64bit\workspace\.metadata\.plugins\com.webratio.commons.db\derby, url=jdbc:mysql://localhost:3306/betting_house, tableRegex=null, readSQLDefinitions=true, includeForeignKeys=false, retrieveAllNames=false, tablesToRefresh=, eventSocketPort=50145}
[21 Mar 2019 20:25:28] URL: jdbc:mysql://localhost:3306/betting_house
[21 Mar 2019 20:25:28] Product name: MySQL
[21 Mar 2019 20:25:28] Product version: 8.0.15
[21 Mar 2019 20:25:28] Driver name: MySQL Connector Java
[21 Mar 2019 20:25:28] Driver version: mysql-connector-java-5.1.47 ( Revision: fe1903b1ecb4a96a917f7ed3190d80c049b1de29 )
[21 Mar 2019 20:25:28] Driver major version: 5
[21 Mar 2019 20:25:28] Driver minor version: 1
[21 Mar 2019 20:25:28] Identifier quote string: 1
[21 Mar 2019 20:25:28] Retrieving schemas
[21 Mar 2019 20:25:28] Retrieving [TABLE, VIEW, SYNONYM] for schema ''
[21 Mar 2019 20:25:28]   Found 'bet' [type = TABLE]
[21 Mar 2019 20:25:28]   Found 'event' [type = TABLE]
[21 Mar 2019 20:25:28]   Found 'group' [type = TABLE]
[21 Mar 2019 20:25:28]   Found 'group_module' [type = TABLE]
[21 Mar 2019 20:25:28]   Found 'module' [type = TABLE]
[21 Mar 2019 20:25:28]   Found 'notification' [type = TABLE]
[21 Mar 2019 20:25:28]   Found 'team' [type = TABLE]
[21 Mar 2019 20:25:28]   Found 'team_has_event' [type = TABLE]
[21 Mar 2019 20:25:28]   Found 'user' [type = TABLE]
[21 Mar 2019 20:25:28]   Found 'user_group' [type = TABLE]
[21 Mar 2019 20:25:28] Retrieving columns for 'bet' [type = TABLE]
[21 Mar 2019 20:25:28]   Found column: id [type = INT][SQL/XOPEN type = 4][size = 10][dec. digits = 0]
[21 Mar 2019 20:25:28]   Found column: winningbet [type = DOUBLE][SQL/XOPEN type = 8][size = 22][dec. digits = 0]
[21 Mar 2019 20:25:28]   Found column: userbet [type = DOUBLE][SQL/XOPEN type = 8][size = 22][dec. digits = 0]
[21 Mar 2019 20:25:28]   Found column: valuebet [type = DOUBLE][SQL/XOPEN type = 8][size = 22][dec. digits = 0]
[21 Mar 2019 20:25:28]   Found column: event_id [type = INT][SQL/XOPEN type = 4][size = 10][dec. digits = 0]
[21 Mar 2019 20:25:28]   Found column: user_id [type = INT][SQL/XOPEN type = 4][size = 10][dec. digits = 0]
[21 Mar 2019 20:25:28] Retrieving primary keys for 'bet' [type = TABLE]
[21 Mar 2019 20:25:29]   Found primary key column: id
[21 Mar 2019 20:25:29] Retrieving columns for 'event' [type = TABLE]
[21 Mar 2019 20:25:29]   Found column: id [type = INT][SQL/XOPEN type = 4][size = 10][dec. digits = 0]
[21 Mar 2019 20:25:29]   Found column: information [type = LONGTEXT][SQL/XOPEN type = -1][size = 2147483647][dec. digits = 0]
[21 Mar 2019 20:25:29]   Found column: isrestricted [type = BIT][SQL/XOPEN type = -7][size = 1][dec. digits = 0]
[21 Mar 2019 20:25:29]   Found column: goalone [type = INT][SQL/XOPEN type = 4][size = 10][dec. digits = 0]
[21 Mar 2019 20:25:29]   Found column: goaltwo [type = INT][SQL/XOPEN type = 4][size = 10][dec. digits = 0]
[21 Mar 2019 20:25:29]   Found column: oddone [type = DOUBLE][SQL/XOPEN type = 8][size = 22][dec. digits = 0]
[21 Mar 2019 20:25:29]   Found column: oddtwo [type = DOUBLE][SQL/XOPEN type = 8][size = 22][dec. digits = 0]
[21 Mar 2019 20:25:29]   Found column: oddthree [type = DOUBLE][SQL/XOPEN type = 8][size = 22][dec. digits = 0]
[21 Mar 2019 20:25:29]   Found column: isopen [type = BIT][SQL/XOPEN type = -7][size = 1][dec. digits = 0]
[21 Mar 2019 20:25:29] Retrieving primary keys for 'event' [type = TABLE]
[21 Mar 2019 20:25:29]   Found primary key column: id
[21 Mar 2019 20:25:29] Retrieving columns for 'group' [type = TABLE]
[21 Mar 2019 20:25:29]   Found column: id [type = INT][SQL/XOPEN type = 4][size = 10][dec. digits = 0]
[21 Mar 2019 20:25:29]   Found column: name [type = VARCHAR][SQL/XOPEN type = 12][size = 255][dec. digits = 0]
[21 Mar 2019 20:25:29]   Found column: module_id [type = INT][SQL/XOPEN type = 4][size = 10][dec. digits = 0]
[21 Mar 2019 20:25:29] Retrieving primary keys for 'group' [type = TABLE]
[21 Mar 2019 20:25:29]   Found primary key column: id
[21 Mar 2019 20:25:29] Retrieving columns for 'group_module' [type = TABLE]
[21 Mar 2019 20:25:29]   Found column: group_id [type = INT][SQL/XOPEN type = 4][size = 10][dec. digits = 0]
[21 Mar 2019 20:25:29]   Found column: module_id [type = INT][SQL/XOPEN type = 4][size = 10][dec. digits = 0]
[21 Mar 2019 20:25:29] Retrieving primary keys for 'group_module' [type = TABLE]
[21 Mar 2019 20:25:29]   Found primary key column: group_id
[21 Mar 2019 20:25:29]   Found primary key column: module_id
[21 Mar 2019 20:25:29] Retrieving columns for 'module' [type = TABLE]
[21 Mar 2019 20:25:29]   Found column: id [type = INT][SQL/XOPEN type = 4][size = 10][dec. digits = 0]
[21 Mar 2019 20:25:29]   Found column: moduleid [type = VARCHAR][SQL/XOPEN type = 12][size = 255][dec. digits = 0]
[21 Mar 2019 20:25:29]   Found column: name [type = VARCHAR][SQL/XOPEN type = 12][size = 255][dec. digits = 0]
[21 Mar 2019 20:25:29] Retrieving primary keys for 'module' [type = TABLE]
[21 Mar 2019 20:25:29]   Found primary key column: id
[21 Mar 2019 20:25:29] Retrieving columns for 'notification' [type = TABLE]
[21 Mar 2019 20:25:29]   Found column: id [type = INT][SQL/XOPEN type = 4][size = 10][dec. digits = 0]
[21 Mar 2019 20:25:29]   Found column: isactive [type = BIT][SQL/XOPEN type = -7][size = 1][dec. digits = 0]
[21 Mar 2019 20:25:29]   Found column: id_event [type = INT][SQL/XOPEN type = 4][size = 10][dec. digits = 0]
[21 Mar 2019 20:25:29]   Found column: user_id [type = INT][SQL/XOPEN type = 4][size = 10][dec. digits = 0]
[21 Mar 2019 20:25:29] Retrieving primary keys for 'notification' [type = TABLE]
[21 Mar 2019 20:25:29]   Found primary key column: id
[21 Mar 2019 20:25:29] Retrieving columns for 'team' [type = TABLE]
[21 Mar 2019 20:25:29]   Found column: id [type = INT][SQL/XOPEN type = 4][size = 10][dec. digits = 0]
[21 Mar 2019 20:25:29]   Found column: name [type = VARCHAR][SQL/XOPEN type = 12][size = 255][dec. digits = 0]
[21 Mar 2019 20:25:29] Retrieving primary keys for 'team' [type = TABLE]
[21 Mar 2019 20:25:29]   Found primary key column: id
[21 Mar 2019 20:25:29] Retrieving columns for 'team_has_event' [type = TABLE]
[21 Mar 2019 20:25:29]   Found column: event_id [type = INT][SQL/XOPEN type = 4][size = 10][dec. digits = 0]
[21 Mar 2019 20:25:29]   Found column: team_id [type = INT][SQL/XOPEN type = 4][size = 10][dec. digits = 0]
[21 Mar 2019 20:25:29] Retrieving primary keys for 'team_has_event' [type = TABLE]
[21 Mar 2019 20:25:30]   Found primary key column: event_id
[21 Mar 2019 20:25:30]   Found primary key column: team_id
[21 Mar 2019 20:25:30] Retrieving columns for 'user' [type = TABLE]
[21 Mar 2019 20:25:30]   Found column: id [type = INT][SQL/XOPEN type = 4][size = 10][dec. digits = 0]
[21 Mar 2019 20:25:30]   Found column: name [type = VARCHAR][SQL/XOPEN type = 12][size = 255][dec. digits = 0]
[21 Mar 2019 20:25:30]   Found column: email [type = VARCHAR][SQL/XOPEN type = 12][size = 255][dec. digits = 0]
[21 Mar 2019 20:25:30]   Found column: password [type = VARCHAR][SQL/XOPEN type = 12][size = 255][dec. digits = 0]
[21 Mar 2019 20:25:30]   Found column: coins [type = DOUBLE][SQL/XOPEN type = 8][size = 22][dec. digits = 0]
[21 Mar 2019 20:25:30]   Found column: group_id [type = INT][SQL/XOPEN type = 4][size = 10][dec. digits = 0]
[21 Mar 2019 20:25:30] Retrieving primary keys for 'user' [type = TABLE]
[21 Mar 2019 20:25:30]   Found primary key column: id
[21 Mar 2019 20:25:30] Retrieving columns for 'user_group' [type = TABLE]
[21 Mar 2019 20:25:30]   Found column: user_id [type = INT][SQL/XOPEN type = 4][size = 10][dec. digits = 0]
[21 Mar 2019 20:25:30]   Found column: group_id [type = INT][SQL/XOPEN type = 4][size = 10][dec. digits = 0]
[21 Mar 2019 20:25:30] Retrieving primary keys for 'user_group' [type = TABLE]
[21 Mar 2019 20:25:30]   Found primary key column: user_id
[21 Mar 2019 20:25:30]   Found primary key column: group_id
[21 Mar 2019 20:25:30] Database metadata retrieved (1434 ms)
[21 Mar 2019 20:25:30] Retrieving auto-increment columns for 'bet' [type = TABLE]
[21 Mar 2019 20:25:30] Retrieving auto-increment columns for 'event' [type = TABLE]
[21 Mar 2019 20:25:30] Retrieving auto-increment columns for 'group' [type = TABLE]
[21 Mar 2019 20:25:30] Retrieving auto-increment columns for 'group_module' [type = TABLE]
[21 Mar 2019 20:25:30] Retrieving auto-increment columns for 'module' [type = TABLE]
[21 Mar 2019 20:25:30] Retrieving auto-increment columns for 'notification' [type = TABLE]
[21 Mar 2019 20:25:30] Retrieving auto-increment columns for 'team' [type = TABLE]
[21 Mar 2019 20:25:30]   Found auto-increment column: id
[21 Mar 2019 20:25:30] Retrieving auto-increment columns for 'team_has_event' [type = TABLE]
[21 Mar 2019 20:25:30] Retrieving auto-increment columns for 'user' [type = TABLE]
[21 Mar 2019 20:25:30] Retrieving auto-increment columns for 'user_group' [type = TABLE]
[21 Mar 2019 20:25:30] Database connection closed
