[21 Mar 2019 20:25:05] DEBUG Executing SQL script
[21 Mar 2019 20:25:05] INFO ================================================================================
[21 Mar 2019 20:25:05] INFO onError= 'stop'
[21 Mar 2019 20:25:05] INFO autoCommit= 'false'
[21 Mar 2019 20:25:05] INFO username= 'root'
[21 Mar 2019 20:25:05] INFO outputPath= 'C:\WebRatio\WebRatio Community Platform 7.2.17.x64bit\workspace\betting_house\.Temp~\UpdateSQL.xml'
[21 Mar 2019 20:25:05] INFO outputLogPath= 'C:\WebRatio\WebRatio Community Platform 7.2.17.x64bit\workspace\betting_house\.Temp~\UpdateSQL.xml.log'
[21 Mar 2019 20:25:05] INFO encoding= ''
[21 Mar 2019 20:25:05] INFO driverClass= 'com.mysql.jdbc.Driver'
[21 Mar 2019 20:25:05] INFO sqlScript= 'C:\WebRatio\WebRatio Community Platform 7.2.17.x64bit\workspace\betting_house\.Temp~\UpdateSQL.sql'
[21 Mar 2019 20:25:05] INFO eventSocketPort= '50142'
[21 Mar 2019 20:25:05] INFO statementSeparator= ';'
[21 Mar 2019 20:25:05] INFO derby.system.home= 'C:\WebRatio\WebRatio Community Platform 7.2.17.x64bit\workspace\.metadata\.plugins\com.webratio.commons.db\derby'
[21 Mar 2019 20:25:05] INFO password= '123456'
[21 Mar 2019 20:25:05] INFO url= 'jdbc:mysql://localhost:3306/betting_house'
[21 Mar 2019 20:25:05] INFO ================================================================================
[21 Mar 2019 20:25:05] INFO Connecting to the Database...
[21 Mar 2019 20:25:06] INFO Database connection estabilished
[21 Mar 2019 20:25:06] INFO transaction isolation: 4
[21 Mar 2019 20:25:06] DEBUG ================================================================================
[21 Mar 2019 20:25:06] DEBUG Executing SQL script file: C:\WebRatio\WebRatio Community Platform 7.2.17.x64bit\workspace\betting_house\.Temp~\UpdateSQL.sql
[21 Mar 2019 20:25:06] DEBUG Executing statement:  create table `group` ( `id`  integer  not null, `name`  varchar(255), primary key (`id`) )
[21 Mar 2019 20:25:07] DEBUG Executing statement:    create table `module` ( `id`  integer  not null, `moduleid`  varchar(255), `name`  varchar(255), primary key (`id`) )
[21 Mar 2019 20:25:07] DEBUG Executing statement:    create table `user` ( `id`  integer  not null, `name`  varchar(255), `email`  varchar(255), `password`  varchar(255), `coins`  double precision, primary key (`id`) )
[21 Mar 2019 20:25:07] DEBUG Executing statement:    create table `bet` ( `id`  integer  not null, `winningbet`  double precision, `userbet`  double precision, `valuebet`  double precision, primary key (`id`) )
[21 Mar 2019 20:25:08] DEBUG Executing statement:    create table `event` ( `id`  integer  not null, `information`  longtext, `isrestricted`  bit, `goalone`  integer, `goaltwo`  integer, `oddone`  double precision, `oddtwo`  double precision, `oddthree`  double precision, `isopen`  bit, primary key (`id`) )
[21 Mar 2019 20:25:08] DEBUG Executing statement:    create table `notification` ( `id`  integer  not null, `isactive`  bit, primary key (`id`) )
[21 Mar 2019 20:25:08] DEBUG Executing statement:    create table `team` ( `id`  integer not null auto_increment, `name`  varchar(255), primary key (`id`) )
[21 Mar 2019 20:25:09] DEBUG Executing statement:    alter table `group`  add column  `module_id`  integer
[21 Mar 2019 20:25:09] DEBUG Executing statement:  alter table `group`   add index fk_group_module (`module_id`), add constraint fk_group_module foreign key (`module_id`) references `module` (`id`)
[21 Mar 2019 20:25:10] DEBUG Executing statement:    create table `group_module` ( `group_id`  integer not null, `module_id`  integer not null, primary key (`group_id`, `module_id`) )
[21 Mar 2019 20:25:11] DEBUG Executing statement:  alter table `group_module`   add index fk_group_module_group (`group_id`), add constraint fk_group_module_group foreign key (`group_id`) references `group` (`id`)
[21 Mar 2019 20:25:12] DEBUG Executing statement:  alter table `group_module`   add index fk_group_module_module (`module_id`), add constraint fk_group_module_module foreign key (`module_id`) references `module` (`id`)
[21 Mar 2019 20:25:14] DEBUG Executing statement:    alter table `user`  add column  `group_id`  integer
[21 Mar 2019 20:25:14] DEBUG Executing statement:  alter table `user`   add index fk_user_group (`group_id`), add constraint fk_user_group foreign key (`group_id`) references `group` (`id`)
[21 Mar 2019 20:25:15] DEBUG Executing statement:    create table `user_group` ( `user_id`  integer not null, `group_id`  integer not null, primary key (`user_id`, `group_id`) )
[21 Mar 2019 20:25:15] DEBUG Executing statement:  alter table `user_group`   add index fk_user_group_user (`user_id`), add constraint fk_user_group_user foreign key (`user_id`) references `user` (`id`)
[21 Mar 2019 20:25:17] DEBUG Executing statement:  alter table `user_group`   add index fk_user_group_group (`group_id`), add constraint fk_user_group_group foreign key (`group_id`) references `group` (`id`)
[21 Mar 2019 20:25:18] DEBUG Executing statement:    create table `team_has_event` ( `event_id`  integer not null, `team_id`  integer not null, primary key (`event_id`, `team_id`) )
[21 Mar 2019 20:25:19] DEBUG Executing statement:  alter table `team_has_event`   add index fk_team_has_event_event (`event_id`), add constraint fk_team_has_event_event foreign key (`event_id`) references `event` (`id`)
[21 Mar 2019 20:25:20] DEBUG Executing statement:  alter table `team_has_event`   add index fk_team_has_event_team (`team_id`), add constraint fk_team_has_event_team foreign key (`team_id`) references `team` (`id`)
[21 Mar 2019 20:25:21] DEBUG Executing statement:    alter table `bet`  add column  `event_id`  integer
[21 Mar 2019 20:25:21] DEBUG Executing statement:  alter table `bet`   add index fk_bet_event (`event_id`), add constraint fk_bet_event foreign key (`event_id`) references `event` (`id`)
[21 Mar 2019 20:25:23] DEBUG Executing statement:    alter table `notification`  add column  `id_event`  integer
[21 Mar 2019 20:25:23] DEBUG Executing statement:  alter table `notification`   add index fk_notification_event (`id_event`), add constraint fk_notification_event foreign key (`id_event`) references `event` (`id`)
[21 Mar 2019 20:25:24] DEBUG Executing statement:    alter table `notification`  add column  `user_id`  integer
[21 Mar 2019 20:25:24] DEBUG Executing statement:  alter table `notification`   add index fk_notification_user (`user_id`), add constraint fk_notification_user foreign key (`user_id`) references `user` (`id`)
[21 Mar 2019 20:25:25] DEBUG Executing statement:    alter table `bet`  add column  `user_id`  integer
[21 Mar 2019 20:25:25] DEBUG Executing statement:  alter table `bet`   add index fk_bet_user (`user_id`), add constraint fk_bet_user foreign key (`user_id`) references `user` (`id`)
[21 Mar 2019 20:25:26] DEBUG ================================================================================
[21 Mar 2019 20:25:26] DEBUG SQL SCRIPT SUCCESSFULLY EXECUTED
[21 Mar 2019 20:25:26] INFO Database connection closed
[21 Mar 2019 20:25:26] DEBUG Total time: 21330 milliseconds
